<?xml version="1.0" encoding="UTF-8"?>
<testsuite name="gradle.RunCukesTest" tests="0" skipped="0" failures="0" errors="0" timestamp="1970-01-01T00:00:00" hostname="Nico-note" time="0.0">
  <properties/>
  <system-out><![CDATA[Feature: Bomberman movement

  Scenario: Bomberman moves to an empty cell    ?[90m# gradle/cucumber/bomberman.feature:3?[0m
    ?[32mGiven ?[0m?[32mEmpty contingent cell?[0m                 ?[90m# BombermanMovementStepdefs.EmptyContingentCell()?[0m
    ?[32mWhen ?[0m?[32mBomberman moves to contingent cell?[0m     ?[90m# BombermanMovementStepdefs.BombermanMovesToContingentCell()?[0m
    ?[32mThen ?[0m?[32mBomberman has moved to contingent cell?[0m ?[90m# BombermanMovementStepdefs.bombermanHasMovedToContingentCell()?[0m

  Scenario: Bomberman moves into a wall             ?[90m# gradle/cucumber/bomberman.feature:8?[0m
    ?[32mGiven ?[0m?[32mWall in contingent cell?[0m                   ?[90m# BombermanMovementStepdefs.wallInContingentCell()?[0m
    ?[32mWhen ?[0m?[32mBomberman moves to contingent cell?[0m         ?[90m# BombermanMovementStepdefs.BombermanMovesToContingentCell()?[0m
    ?[32mThen ?[0m?[32mBomberman has not moved to contingent cell?[0m ?[90m# BombermanMovementStepdefs.bombermanHasNotMovedToContingentCell()?[0m

  Scenario: Bomberman moves into an enemy   ?[90m# gradle/cucumber/bomberman.feature:13?[0m
    ?[32mGiven ?[0m?[32mEnemy in contingent cell?[0m          ?[90m# BombermanMovementStepdefs.enemyInContingentCell()?[0m
    ?[32mWhen ?[0m?[32mBomberman moves to contingent cell?[0m ?[90m# BombermanMovementStepdefs.BombermanMovesToContingentCell()?[0m
    ?[32mThen ?[0m?[32mBomberman is dead?[0m                  ?[90m# BombermanMovementStepdefs.bombermanIsDead()?[0m

3 Scenarios (?[32m3 passed?[0m)
9 Steps (?[32m9 passed?[0m)
0m0,486s

]]></system-out>
  <system-err><![CDATA[]]></system-err>
</testsuite>
